<?xml version="1.0" encoding="UTF-8"?>
<!-- Generated by org.testng.reporters.JUnitReportReporter -->
<testsuite hostname="WINDOWS-1CT0KHN" failures="0" tests="1" name="test.CountStatusOnAdminTest" time="4.973" errors="0" timestamp="17 Mar 2022 03:24:52 GMT">
  <testcase classname="test.CountStatusOnAdminTest" name="CountStatus" time="4.973"/>
</testsuite> <!-- test.CountStatusOnAdminTest -->
